[2022-05-28T17:19:16.794] [DEBUG] messageCreate - urlType: youtube
[2022-05-28T17:19:17.217] [DEBUG] messageCreate - bot message
[2022-05-28T17:19:17.778] [DEBUG] messageCreate - added reactions
[2022-05-28T17:19:19.549] [DEBUG] messageCreate - collector ended
[2022-05-28T17:19:19.549] [DEBUG] messageCreate - removed reactions
[2022-05-28T17:19:30.397] [DEBUG] messageCreate - urlType: youtube
[2022-05-28T17:19:30.579] [DEBUG] messageCreate - bot message
[2022-05-28T17:19:31.385] [DEBUG] messageCreate - added reactions
[2022-05-28T17:19:31.689] [DEBUG] messageCreate - bot message
[2022-05-28T17:20:31.390] [DEBUG] messageCreate - collector ended
[2022-05-28T17:22:07.021] [DEBUG] messageCreate - urlType: youtube
[2022-05-28T17:22:07.217] [DEBUG] messageCreate - ignoring, bot message
[2022-05-28T17:22:08.070] [DEBUG] messageCreate - added reactions
[2022-05-28T17:22:21.891] [DEBUG] messageCreate - ignoring, bot message
[2022-05-28T17:22:21.911] [DEBUG] messageCreate - collector ended
[2022-05-28T17:22:21.911] [DEBUG] messageCreate - stopping collector
[2022-05-28T17:22:22.876] [DEBUG] messageCreate - removed reactions
[2022-05-28T17:25:28.365] [DEBUG] messageCreate - urlType: youtube
[2022-05-28T17:25:28.577] [DEBUG] messageCreate - ignoring, bot message
[2022-05-28T17:25:29.444] [DEBUG] messageCreate - added reactions
[2022-05-28T17:25:32.943] [DEBUG] messageCreate - ignoring, bot message
[2022-05-28T17:25:32.986] [DEBUG] messageCreate - collector ended
[2022-05-28T17:25:32.986] [DEBUG] messageCreate - stopping collector
[2022-05-28T17:25:34.029] [DEBUG] messageCreate - removed reactions
[2022-05-28T17:40:12.448] [DEBUG] messageCreate - urlType: youtube
[2022-05-28T17:40:13.804] [DEBUG] messageCreate - added reactions
[2022-05-28T17:40:14.237] [DEBUG] messageCreate - collector ended
[2022-05-28T17:40:14.237] [DEBUG] messageCreate - stopping collector
[2022-05-28T17:40:15.232] [DEBUG] messageCreate - removed reactions
[2022-05-28T17:43:28.102] [DEBUG] messageCreate - ignoring, bot message
[2022-05-28T17:43:42.107] [DEBUG] messageCreate - urlType: tiktok
[2022-05-28T17:44:01.023] [DEBUG] messageCreate - urlType: tiktok
[2022-05-28T17:44:01.206] [DEBUG] messageCreate - ignoring, bot message
[2022-05-28T17:45:12.128] [DEBUG] messageCreate - urlType: tiktok
[2022-05-28T17:45:12.239] [DEBUG] messageCreate - ignoring, bot message
[2022-05-28T17:45:35.212] [DEBUG] messageCreate - ignoring, bot message
[2022-05-28T17:46:09.344] [DEBUG] messageCreate - urlType: unknown
[2022-05-28T17:46:09.344] [DEBUG] messageCreate - ignoring, unknown url
[2022-05-28T17:46:19.929] [DEBUG] messageCreate - urlType: tiktok
[2022-05-28T17:46:20.164] [DEBUG] messageCreate - ignoring, bot message
[2022-05-28T17:46:50.361] [DEBUG] messageCreate - ignoring, bot message
[2022-05-28T17:47:37.687] [DEBUG] messageCreate - ignoring, bot message
[2022-05-28T17:50:31.594] [DEBUG] messageCreate - urlType: youtube
[2022-05-28T17:50:32.993] [DEBUG] messageCreate - added reactions
[2022-05-28T17:51:32.999] [DEBUG] messageCreate - collector ended
[2022-05-28T17:51:33.970] [DEBUG] messageCreate - removed reactions
[2022-05-28T17:51:36.459] [DEBUG] messageCreate - urlType: youtube
[2022-05-28T17:51:37.434] [DEBUG] messageCreate - added reactions
[2022-05-28T17:51:37.919] [DEBUG] messageCreate - collector ended
[2022-05-28T17:51:37.922] [DEBUG] messageCreate - stopping collector
[2022-05-28T17:51:38.872] [DEBUG] messageCreate - removed reactions
[2022-05-28T17:53:11.770] [DEBUG] messageCreate - urlType: unknown
[2022-05-28T17:53:11.773] [DEBUG] messageCreate - ignoring, unknown url
[2022-05-28T17:53:15.519] [DEBUG] messageCreate - urlType: youtube
[2022-05-28T17:53:16.516] [DEBUG] messageCreate - added reactions
[2022-05-28T17:53:16.519] [DEBUG] messageCreate - collector ended
[2022-05-28T17:53:16.519] [DEBUG] messageCreate - stopping collector
[2022-05-28T17:53:18.321] [DEBUG] messageCreate - removed reactions
[2022-05-28T17:54:11.526] [DEBUG] messageCreate - urlType: youtube
[2022-05-28T17:54:12.950] [DEBUG] messageCreate - added reactions
[2022-05-28T17:54:13.347] [DEBUG] messageCreate - ignoring, bot message
[2022-05-28T17:54:13.411] [DEBUG] messageCreate - downloading video
[2022-05-28T17:54:13.432] [DEBUG] messageCreate - collector ended
[2022-05-28T17:54:13.433] [DEBUG] messageCreate - stopping collector
[2022-05-28T17:54:14.417] [DEBUG] messageCreate - removed reactions
[2022-05-28T17:55:54.709] [DEBUG] messageCreate - urlType: youtube
[2022-05-28T17:55:55.765] [DEBUG] messageCreate - added reactions
[2022-05-28T17:55:56.892] [DEBUG] messageCreate - ignoring, bot message
[2022-05-28T17:55:56.953] [DEBUG] messageCreate - downloading video
[2022-05-28T17:55:56.974] [DEBUG] messageCreate - collector ended
[2022-05-28T17:55:56.974] [DEBUG] messageCreate - stopping collector
[2022-05-28T17:55:57.958] [DEBUG] messageCreate - removed reactions
[2022-05-28T17:58:57.011] [DEBUG] messageCreate - urlType: youtube
[2022-05-28T17:58:58.071] [DEBUG] messageCreate - added reactions
[2022-05-28T17:58:58.936] [DEBUG] messageCreate - ignoring, bot message
[2022-05-28T17:58:59.014] [DEBUG] messageCreate - downloading video
[2022-05-28T17:58:59.029] [DEBUG] messageCreate - collector ended
[2022-05-28T17:58:59.029] [DEBUG] messageCreate - stopping collector
[2022-05-28T17:59:00.214] [DEBUG] messageCreate - removed reactions
[2022-05-28T17:59:24.383] [DEBUG] messageCreate - urlType: youtube
[2022-05-28T17:59:25.512] [DEBUG] messageCreate - added reactions
[2022-05-28T17:59:25.651] [DEBUG] messageCreate - ignoring, bot message
[2022-05-28T17:59:25.742] [DEBUG] messageCreate - downloading video
[2022-05-28T17:59:25.753] [DEBUG] messageCreate - collector ended
[2022-05-28T17:59:25.754] [DEBUG] messageCreate - stopping collector
[2022-05-28T17:59:27.221] [DEBUG] messageCreate - removed reactions
[2022-05-28T18:01:01.057] [DEBUG] messageCreate - urlType: youtube
[2022-05-28T18:01:02.115] [DEBUG] messageCreate - added reactions
[2022-05-28T18:01:03.186] [DEBUG] messageCreate - ignoring, bot message
[2022-05-28T18:01:03.241] [DEBUG] messageCreate - downloading video
[2022-05-28T18:01:03.256] [DEBUG] messageCreate - collector ended
[2022-05-28T18:01:03.256] [DEBUG] messageCreate - stopping collector
[2022-05-28T18:01:04.257] [DEBUG] messageCreate - removed reactions
[2022-05-28T18:07:48.306] [DEBUG] messageCreate - urlType: youtube
[2022-05-28T18:07:49.296] [DEBUG] messageCreate - added reactions
[2022-05-28T18:07:49.878] [DEBUG] messageCreate - downloading video
[2022-05-28T18:07:49.904] [DEBUG] messageCreate - collector ended
[2022-05-28T18:07:49.905] [DEBUG] messageCreate - stopping collector
[2022-05-28T18:07:50.977] [DEBUG] messageCreate - removed reactions
[2022-05-28T18:32:43.411] [DEBUG] messageCreate - urlType: youtube
[2022-05-28T18:32:44.592] [DEBUG] messageCreate - added reactions
[2022-05-28T18:32:45.592] [DEBUG] messageCreate - ignoring, bot message
[2022-05-28T18:32:45.662] [DEBUG] messageCreate - downloading video
[2022-05-28T18:33:20.187] [DEBUG] messageCreate - urlType: youtube
[2022-05-28T18:33:21.183] [DEBUG] messageCreate - added reactions
[2022-05-28T18:33:21.186] [DEBUG] messageCreate - collector ended
[2022-05-28T18:33:21.187] [DEBUG] messageCreate - stopping collector
[2022-05-28T18:33:23.010] [DEBUG] messageCreate - removed reactions
[2022-05-28T18:33:26.663] [DEBUG] messageCreate - urlType: youtube
[2022-05-28T18:33:27.765] [DEBUG] messageCreate - added reactions
[2022-05-28T18:33:30.517] [DEBUG] messageCreate - ignoring, bot message
[2022-05-28T18:33:30.570] [DEBUG] messageCreate - downloading video
[2022-05-28T18:33:44.598] [DEBUG] messageCreate - collector ended
[2022-05-28T18:33:45.589] [DEBUG] messageCreate - removed reactions
[2022-05-28T18:34:27.771] [DEBUG] messageCreate - collector ended
[2022-05-28T18:34:28.814] [DEBUG] messageCreate - removed reactions
[2022-05-28T18:37:16.221] [DEBUG] messageCreate - urlType: youtube
[2022-05-28T18:37:17.245] [DEBUG] messageCreate - added reactions
[2022-05-28T18:37:17.247] [DEBUG] messageCreate - collector ended
[2022-05-28T18:37:17.247] [DEBUG] messageCreate - stopping collector
[2022-05-28T18:37:19.026] [DEBUG] messageCreate - removed reactions
[2022-05-28T18:37:31.809] [DEBUG] messageCreate - urlType: youtube
[2022-05-28T18:37:32.816] [DEBUG] messageCreate - added reactions
[2022-05-28T18:37:34.163] [DEBUG] messageCreate - ignoring, bot message
[2022-05-28T18:37:34.228] [DEBUG] messageCreate - downloading video
[2022-05-28T18:37:34.247] [DEBUG] messageCreate - collector ended
[2022-05-28T18:40:18.593] [DEBUG] messageCreate - urlType: youtube
[2022-05-28T18:40:19.605] [DEBUG] messageCreate - added reactions
[2022-05-28T18:40:19.617] [DEBUG] messageCreate - collector ended
[2022-05-28T18:40:19.617] [DEBUG] messageCreate - stopping collector
[2022-05-28T18:40:21.336] [DEBUG] messageCreate - removed reactions
[2022-05-28T18:40:26.943] [DEBUG] messageCreate - urlType: youtube
[2022-05-28T18:40:27.947] [DEBUG] messageCreate - added reactions
[2022-05-28T18:40:28.978] [DEBUG] messageCreate - ignoring, bot message
[2022-05-28T18:40:29.029] [DEBUG] messageCreate - downloading video
[2022-05-28T18:40:29.055] [DEBUG] messageCreate - collector ended
[2022-05-28T18:45:58.225] [DEBUG] messageCreate - urlType: youtube
[2022-05-28T18:45:59.216] [DEBUG] messageCreate - added reactions
[2022-05-28T18:45:59.960] [DEBUG] messageCreate - ignoring, bot message
[2022-05-28T18:46:00.030] [DEBUG] messageCreate - downloading video
[2022-05-28T18:46:59.224] [DEBUG] messageCreate - collector ended
[2022-05-28T18:47:00.206] [DEBUG] messageCreate - removed reactions
[2022-05-28T18:48:38.886] [DEBUG] messageCreate - urlType: youtube
[2022-05-28T18:48:40.392] [DEBUG] messageCreate - added reactions
[2022-05-28T18:48:40.395] [DEBUG] messageCreate - collector ended
[2022-05-28T18:48:40.396] [DEBUG] messageCreate - stopping collector
[2022-05-28T18:48:42.129] [DEBUG] messageCreate - removed reactions
[2022-05-28T18:48:44.925] [DEBUG] messageCreate - urlType: youtube
[2022-05-28T18:48:45.935] [DEBUG] messageCreate - added reactions
[2022-05-28T18:48:47.442] [DEBUG] messageCreate - ignoring, bot message
[2022-05-28T18:48:47.544] [DEBUG] messageCreate - downloading video
[2022-05-28T18:49:55.111] [DEBUG] messageCreate - urlType: youtube
[2022-05-28T18:49:56.125] [DEBUG] messageCreate - added reactions
[2022-05-28T18:49:56.127] [DEBUG] messageCreate - collector ended
[2022-05-28T18:49:56.127] [DEBUG] messageCreate - stopping collector
[2022-05-28T18:49:57.849] [DEBUG] messageCreate - removed reactions
[2022-05-28T18:49:58.863] [DEBUG] messageCreate - urlType: youtube
[2022-05-28T18:49:59.843] [DEBUG] messageCreate - added reactions
[2022-05-28T18:50:01.656] [DEBUG] messageCreate - ignoring, bot message
[2022-05-28T18:50:01.712] [DEBUG] messageCreate - downloading video
[2022-05-28T18:50:59.848] [DEBUG] messageCreate - collector ended
[2022-05-28T18:51:00.948] [DEBUG] messageCreate - removed reactions
[2022-05-28T19:03:49.963] [DEBUG] messageCreate - urlType: youtube
[2022-05-28T19:03:51.063] [DEBUG] messageCreate - added reactions
[2022-05-28T19:03:51.067] [DEBUG] messageCreate - collector ended
[2022-05-28T19:03:51.068] [DEBUG] messageCreate - stopping collector
[2022-05-28T19:03:52.846] [DEBUG] messageCreate - removed reactions
[2022-05-28T19:03:54.393] [DEBUG] messageCreate - urlType: youtube
[2022-05-28T19:03:55.411] [DEBUG] messageCreate - added reactions
[2022-05-28T19:03:55.744] [DEBUG] messageCreate - ignoring, bot message
[2022-05-28T19:03:55.802] [DEBUG] messageCreate - downloading video
[2022-05-28T19:04:38.866] [DEBUG] messageCreate - urlType: youtube
[2022-05-28T19:04:39.899] [DEBUG] messageCreate - added reactions
[2022-05-28T19:04:39.902] [DEBUG] messageCreate - collector ended
[2022-05-28T19:04:39.903] [DEBUG] messageCreate - stopping collector
[2022-05-28T19:04:41.651] [DEBUG] messageCreate - removed reactions
[2022-05-28T19:04:43.000] [DEBUG] messageCreate - urlType: youtube
[2022-05-28T19:04:44.073] [DEBUG] messageCreate - added reactions
[2022-05-28T19:04:45.628] [DEBUG] messageCreate - ignoring, bot message
[2022-05-28T19:04:45.680] [DEBUG] messageCreate - downloading video
[2022-05-28T19:05:44.079] [DEBUG] messageCreate - collector ended
[2022-05-28T19:05:45.071] [DEBUG] messageCreate - removed reactions
[2022-05-28T19:06:17.534] [DEBUG] messageCreate - urlType: youtube
[2022-05-28T19:06:18.539] [DEBUG] messageCreate - added reactions
[2022-05-28T19:06:20.242] [DEBUG] messageCreate - ignoring, bot message
[2022-05-28T19:06:20.318] [DEBUG] messageCreate - downloading video
[2022-05-28T19:07:22.956] [DEBUG] messageCreate - urlType: youtube
[2022-05-28T19:07:23.932] [DEBUG] messageCreate - added reactions
[2022-05-28T19:07:23.935] [DEBUG] messageCreate - collector ended
[2022-05-28T19:07:23.936] [DEBUG] messageCreate - stopping collector
[2022-05-28T19:07:25.678] [DEBUG] messageCreate - removed reactions
[2022-05-28T19:07:26.648] [DEBUG] messageCreate - urlType: youtube
[2022-05-28T19:07:27.611] [DEBUG] messageCreate - added reactions
[2022-05-28T19:07:29.865] [DEBUG] messageCreate - ignoring, bot message
[2022-05-28T19:07:29.954] [DEBUG] messageCreate - downloading video
[2022-05-28T19:08:48.884] [DEBUG] messageCreate - urlType: youtube
[2022-05-28T19:08:49.872] [DEBUG] messageCreate - added reactions
[2022-05-28T19:08:50.888] [DEBUG] messageCreate - ignoring, bot message
[2022-05-28T19:08:50.948] [DEBUG] messageCreate - downloading video
[2022-05-28T19:09:26.902] [DEBUG] messageCreate - urlType: youtube
[2022-05-28T19:09:27.877] [DEBUG] messageCreate - added reactions
[2022-05-28T19:09:30.033] [DEBUG] messageCreate - ignoring, bot message
[2022-05-28T19:09:30.109] [DEBUG] messageCreate - downloading video
[2022-05-28T19:10:27.884] [DEBUG] messageCreate - collector ended
[2022-05-28T19:10:28.877] [DEBUG] messageCreate - removed reactions
[2022-05-28T19:13:04.201] [DEBUG] messageCreate - urlType: youtube
[2022-05-28T19:13:05.216] [DEBUG] messageCreate - added reactions
[2022-05-28T19:13:06.633] [DEBUG] messageCreate - ignoring, bot message
[2022-05-28T19:13:06.739] [DEBUG] messageCreate - downloading video
[2022-05-28T19:14:11.973] [DEBUG] messageCreate - urlType: youtube
[2022-05-28T19:14:12.972] [DEBUG] messageCreate - added reactions
[2022-05-28T19:14:12.988] [DEBUG] messageCreate - collector ended
[2022-05-28T19:14:12.988] [DEBUG] messageCreate - stopping collector
[2022-05-28T19:14:14.713] [DEBUG] messageCreate - removed reactions
[2022-05-28T19:14:15.053] [DEBUG] messageCreate - urlType: youtube
[2022-05-28T19:14:16.047] [DEBUG] messageCreate - added reactions
[2022-05-28T19:14:16.056] [DEBUG] messageCreate - collector ended
[2022-05-28T19:14:16.056] [DEBUG] messageCreate - stopping collector
[2022-05-28T19:14:17.725] [DEBUG] messageCreate - removed reactions
[2022-05-28T19:14:18.109] [DEBUG] messageCreate - urlType: youtube
[2022-05-28T19:14:19.112] [DEBUG] messageCreate - added reactions
[2022-05-28T19:14:21.067] [DEBUG] messageCreate - ignoring, bot message
[2022-05-28T19:14:21.116] [DEBUG] messageCreate - downloading video
[2022-05-28T19:14:49.058] [DEBUG] messageCreate - urlType: youtube
[2022-05-28T19:14:50.151] [DEBUG] messageCreate - added reactions
[2022-05-28T19:14:51.147] [DEBUG] messageCreate - ignoring, bot message
[2022-05-28T19:14:51.201] [DEBUG] messageCreate - downloading video
[2022-05-28T19:15:50.156] [DEBUG] messageCreate - collector ended
[2022-05-28T19:15:51.207] [DEBUG] messageCreate - removed reactions
[2022-05-28T19:33:53.365] [DEBUG] messageCreate - urlType: youtube
[2022-05-28T19:33:54.365] [DEBUG] messageCreate - added reactions
[2022-05-28T19:33:56.248] [DEBUG] messageCreate - ignoring, bot message
[2022-05-28T19:33:56.298] [DEBUG] messageCreate - downloading video
[2022-05-28T19:34:54.373] [DEBUG] messageCreate - collector ended
[2022-05-28T19:34:55.303] [DEBUG] messageCreate - removed reactions
[2022-05-28T19:40:05.737] [DEBUG] messageCreate - urlType: youtube
[2022-05-28T19:40:06.749] [DEBUG] messageCreate - added reactions
[2022-05-28T19:40:08.414] [DEBUG] messageCreate - ignoring, bot message
[2022-05-28T19:40:08.438] [DEBUG] messageCreate - downloading video
[2022-05-28T19:40:08.468] [DEBUG] messageCreate - collector ended
[2022-05-28T19:40:08.475] [DEBUG] messageCreate - stopping collector
[2022-05-28T19:40:09.480] [DEBUG] messageCreate - removed reactions
[2022-05-28T19:43:19.065] [DEBUG] messageCreate - urlType: youtube
[2022-05-28T19:43:20.076] [DEBUG] messageCreate - added reactions
[2022-05-28T19:43:21.222] [DEBUG] messageCreate - ignoring, bot message
[2022-05-28T19:45:25.812] [DEBUG] messageCreate - urlType: youtube
[2022-05-28T19:45:26.868] [DEBUG] messageCreate - added reactions
[2022-05-28T19:45:28.153] [DEBUG] messageCreate - ignoring, bot message
[2022-05-28T19:45:28.256] [DEBUG] messageCreate - downloading video
[2022-05-28T19:45:28.278] [DEBUG] messageCreate - collector ended
[2022-05-28T19:45:28.279] [DEBUG] messageCreate - stopping collector
[2022-05-28T19:45:29.260] [DEBUG] messageCreate - removed reactions
[2022-05-28T19:52:39.296] [DEBUG] messageCreate - urlType: youtube
[2022-05-28T19:52:40.364] [DEBUG] messageCreate - added reactions
[2022-05-28T19:52:47.993] [DEBUG] messageCreate - ignoring, bot message
[2022-05-28T19:52:48.047] [DEBUG] messageCreate - downloading video
[2022-05-28T19:52:48.048] [DEBUG] messageCreate - collector ended
[2022-05-28T19:52:48.049] [DEBUG] messageCreate - stopping collector
[2022-05-28T19:52:49.078] [DEBUG] messageCreate - removed reactions
[2022-05-28T19:57:28.293] [DEBUG] messageCreate - urlType: youtube
[2022-05-28T19:57:29.261] [DEBUG] messageCreate - added reactions
[2022-05-28T19:57:29.265] [DEBUG] messageCreate - collector ended
[2022-05-28T19:57:29.265] [DEBUG] messageCreate - stopping collector
[2022-05-28T19:57:30.975] [DEBUG] messageCreate - removed reactions
[2022-05-28T19:57:38.948] [DEBUG] messageCreate - urlType: youtube
[2022-05-28T19:57:39.945] [DEBUG] messageCreate - added reactions
[2022-05-28T19:57:41.745] [DEBUG] messageCreate - ignoring, bot message
[2022-05-28T19:57:41.833] [DEBUG] messageCreate - downloading video
[2022-05-28T19:57:41.853] [DEBUG] messageCreate - collector ended
[2022-05-28T19:57:41.854] [DEBUG] messageCreate - stopping collector
[2022-05-28T19:57:42.900] [DEBUG] messageCreate - removed reactions
[2022-05-28T19:58:41.837] [DEBUG] messageCreate - urlType: youtube
[2022-05-28T19:58:42.900] [DEBUG] messageCreate - added reactions
[2022-05-28T19:58:42.916] [DEBUG] messageCreate - collector ended
[2022-05-28T19:58:42.917] [DEBUG] messageCreate - stopping collector
[2022-05-28T19:58:44.610] [DEBUG] messageCreate - removed reactions
[2022-05-28T19:58:46.264] [DEBUG] messageCreate - urlType: youtube
[2022-05-28T19:58:47.261] [DEBUG] messageCreate - added reactions
[2022-05-28T19:58:48.987] [DEBUG] messageCreate - ignoring, bot message
[2022-05-28T19:58:49.113] [DEBUG] messageCreate - downloading video
[2022-05-28T19:58:58.517] [DEBUG] messageCreate - collector ended
[2022-05-28T19:58:58.518] [DEBUG] messageCreate - stopping collector
[2022-05-28T19:58:59.574] [DEBUG] messageCreate - removed reactions
[2022-05-28T20:01:20.865] [DEBUG] messageCreate - urlType: youtubeShorts
[2022-05-28T20:01:25.393] [DEBUG] messageCreate - urlType: youtubeShorts
[2022-05-28T20:03:26.221] [DEBUG] messageCreate - urlType: youtubeShorts
[2022-05-28T20:03:26.434] [DEBUG] messageCreate - ignoring, bot message
[2022-05-28T20:03:26.556] [DEBUG] messageCreate - getting video
[2022-05-28T20:05:53.950] [DEBUG] messageCreate - urlType: youtubeShorts
[2022-05-28T20:05:54.185] [DEBUG] messageCreate - ignoring, bot message
[2022-05-28T20:05:54.228] [DEBUG] messageCreate - getting video
[2022-05-28T20:05:56.692] [ERROR] messageCreate - Error: Command failed with exit code 1: /Users/glip/Documents/djs-base-handlerTS/node_modules/youtube-dl-exec/bin/youtube-dl https://youtube.com/shorts/Lin0wFK2AKA?feature=share --referer https://youtube.com/shorts/Lin0wFK2AKA?feature=share --max-filesize 8M --format mp4 --output /Users/glip/Documents/djs-base-handlerTS/src/func/../../videos/3609.6326734620598.%(ext)s
ERROR: Unable to recognize tab page; please report this issue on https://yt-dl.org/bug . Make sure you are using the latest version; type  youtube-dl -U  to update. Be sure to call youtube-dl with the --verbose flag and include its complete output.
[youtube:tab] shorts: Downloading webpage
    at makeError (/Users/glip/Documents/djs-base-handlerTS/node_modules/execa/lib/error.js:60:11)
    at handlePromise (/Users/glip/Documents/djs-base-handlerTS/node_modules/execa/index.js:118:26)
    at processTicksAndRejections (node:internal/process/task_queues:96:5) {
  shortMessage: 'Command failed with exit code 1: /Users/glip/Documents/djs-base-handlerTS/node_modules/youtube-dl-exec/bin/youtube-dl https://youtube.com/shorts/Lin0wFK2AKA?feature=share --referer https://youtube.com/shorts/Lin0wFK2AKA?feature=share --max-filesize 8M --format mp4 --output /Users/glip/Documents/djs-base-handlerTS/src/func/../../videos/3609.6326734620598.%(ext)s',
  command: '/Users/glip/Documents/djs-base-handlerTS/node_modules/youtube-dl-exec/bin/youtube-dl https://youtube.com/shorts/Lin0wFK2AKA?feature=share --referer https://youtube.com/shorts/Lin0wFK2AKA?feature=share --max-filesize 8M --format mp4 --output /Users/glip/Documents/djs-base-handlerTS/src/func/../../videos/3609.6326734620598.%(ext)s',
  escapedCommand: '"/Users/glip/Documents/djs-base-handlerTS/node_modules/youtube-dl-exec/bin/youtube-dl" "https://youtube.com/shorts/Lin0wFK2AKA?feature=share" --referer "https://youtube.com/shorts/Lin0wFK2AKA?feature=share" --max-filesize 8M --format mp4 --output "/Users/glip/Documents/djs-base-handlerTS/src/func/../../videos/3609.6326734620598.%(ext)s"',
  exitCode: 1,
  signal: undefined,
  signalDescription: undefined,
  stdout: '[youtube:tab] shorts: Downloading webpage',
  stderr: 'ERROR: Unable to recognize tab page; please report this issue on https://yt-dl.org/bug . Make sure you are using the latest version; type  youtube-dl -U  to update. Be sure to call youtube-dl with the --verbose flag and include its complete output.',
  failed: true,
  timedOut: false,
  isCanceled: false,
  killed: false
}
[2022-05-28T20:09:58.871] [DEBUG] messageCreate - urlType: youtubeShorts
[2022-05-28T20:09:59.076] [DEBUG] messageCreate - ignoring, bot message
[2022-05-28T20:09:59.145] [DEBUG] messageCreate - getting video
[2022-05-28T20:17:53.310] [DEBUG] messageCreate - urlType: youtubeShorts
[2022-05-28T20:17:53.521] [DEBUG] messageCreate - ignoring, bot message
[2022-05-28T20:17:53.617] [DEBUG] messageCreate - getting video
[2022-05-28T20:21:40.597] [DEBUG] messageCreate - urlType: youtubeShorts
[2022-05-28T20:21:40.737] [DEBUG] messageCreate - ignoring, bot message
[2022-05-28T20:21:40.794] [DEBUG] messageCreate - getting video
[2022-05-28T20:25:44.000] [DEBUG] messageCreate - urlType: unknown
[2022-05-28T20:25:44.002] [DEBUG] messageCreate - ignoring, unknown url
[2022-05-28T20:25:49.392] [DEBUG] messageCreate - urlType: youtubeShorts
[2022-05-28T20:25:49.554] [DEBUG] messageCreate - ignoring, bot message
[2022-05-28T20:25:49.596] [DEBUG] messageCreate - getting video
[2022-05-28T20:27:49.779] [DEBUG] messageCreate - urlType: youtubeShorts
[2022-05-28T20:27:49.943] [DEBUG] messageCreate - ignoring, bot message
[2022-05-28T20:27:50.003] [DEBUG] messageCreate - getting video
[2022-05-28T20:28:36.345] [DEBUG] messageCreate - urlType: youtubeShorts
[2022-05-28T20:28:36.471] [DEBUG] messageCreate - ignoring, bot message
[2022-05-28T20:28:36.513] [DEBUG] messageCreate - getting video
[2022-05-28T20:30:36.639] [DEBUG] messageCreate - urlType: unknown
[2022-05-28T20:30:36.649] [DEBUG] messageCreate - ignoring, unknown url
[2022-05-28T20:30:43.235] [DEBUG] messageCreate - urlType: youtubeShorts
[2022-05-28T20:30:43.515] [DEBUG] messageCreate - ignoring, bot message
[2022-05-28T20:30:43.557] [DEBUG] messageCreate - getting video
[2022-05-28T20:32:22.771] [DEBUG] messageCreate - urlType: youtubeShorts
[2022-05-28T20:32:22.896] [DEBUG] messageCreate - ignoring, bot message
[2022-05-28T20:32:22.936] [DEBUG] messageCreate - getting video
[2022-05-28T20:32:24.711] [ERROR] messageCreate - Error: Command failed with exit code 2: /Users/glip/Documents/djs-base-handlerTS/node_modules/youtube-dl-exec/bin/youtube-dl https://youtube.com/watch?v=Lin0wFK2AKA?feature=share --referer https://youtube.com/watch?v=Lin0wFK2AKA?feature=share --max-filesize 8M --format mp4 --output /Users/glip/Documents/djs-base-handlerTS/src/func/../../videos/%(title)s-%(uploader)s-831129.%(ext)s --no-no-overwrites
Usage: youtube-dl [OPTIONS] URL [URL...]

youtube-dl: error: no such option: --no-no-overwrites
    at makeError (/Users/glip/Documents/djs-base-handlerTS/node_modules/execa/lib/error.js:60:11)
    at handlePromise (/Users/glip/Documents/djs-base-handlerTS/node_modules/execa/index.js:118:26)
    at processTicksAndRejections (node:internal/process/task_queues:96:5) {
  shortMessage: 'Command failed with exit code 2: /Users/glip/Documents/djs-base-handlerTS/node_modules/youtube-dl-exec/bin/youtube-dl https://youtube.com/watch?v=Lin0wFK2AKA?feature=share --referer https://youtube.com/watch?v=Lin0wFK2AKA?feature=share --max-filesize 8M --format mp4 --output /Users/glip/Documents/djs-base-handlerTS/src/func/../../videos/%(title)s-%(uploader)s-831129.%(ext)s --no-no-overwrites',
  command: '/Users/glip/Documents/djs-base-handlerTS/node_modules/youtube-dl-exec/bin/youtube-dl https://youtube.com/watch?v=Lin0wFK2AKA?feature=share --referer https://youtube.com/watch?v=Lin0wFK2AKA?feature=share --max-filesize 8M --format mp4 --output /Users/glip/Documents/djs-base-handlerTS/src/func/../../videos/%(title)s-%(uploader)s-831129.%(ext)s --no-no-overwrites',
  escapedCommand: '"/Users/glip/Documents/djs-base-handlerTS/node_modules/youtube-dl-exec/bin/youtube-dl" "https://youtube.com/watch?v=Lin0wFK2AKA?feature=share" --referer "https://youtube.com/watch?v=Lin0wFK2AKA?feature=share" --max-filesize 8M --format mp4 --output "/Users/glip/Documents/djs-base-handlerTS/src/func/../../videos/%(title)s-%(uploader)s-831129.%(ext)s" --no-no-overwrites',
  exitCode: 2,
  signal: undefined,
  signalDescription: undefined,
  stdout: '',
  stderr: 'Usage: youtube-dl [OPTIONS] URL [URL...]\n' +
    '\n' +
    'youtube-dl: error: no such option: --no-no-overwrites',
  failed: true,
  timedOut: false,
  isCanceled: false,
  killed: false
}
[2022-05-28T20:34:05.224] [DEBUG] messageCreate - urlType: youtubeShorts
[2022-05-28T20:34:05.377] [DEBUG] messageCreate - ignoring, bot message
[2022-05-28T20:34:05.430] [DEBUG] messageCreate - getting video
[2022-05-28T20:34:07.468] [ERROR] messageCreate - Error: Command failed with exit code 2: /Users/glip/Documents/djs-base-handlerTS/node_modules/youtube-dl-exec/bin/youtube-dl https://youtube.com/watch?v=Lin0wFK2AKA?feature=share --referer https://youtube.com/watch?v=Lin0wFK2AKA?feature=share --max-filesize 8M --format mp4 --output /Users/glip/Documents/djs-base-handlerTS/src/func/../../videos/%(title)s-%(uploader)s-929198.%(ext)s --no-no-overwrites
Usage: youtube-dl [OPTIONS] URL [URL...]

youtube-dl: error: no such option: --no-no-overwrites
    at makeError (/Users/glip/Documents/djs-base-handlerTS/node_modules/execa/lib/error.js:60:11)
    at handlePromise (/Users/glip/Documents/djs-base-handlerTS/node_modules/execa/index.js:118:26)
    at processTicksAndRejections (node:internal/process/task_queues:96:5) {
  shortMessage: 'Command failed with exit code 2: /Users/glip/Documents/djs-base-handlerTS/node_modules/youtube-dl-exec/bin/youtube-dl https://youtube.com/watch?v=Lin0wFK2AKA?feature=share --referer https://youtube.com/watch?v=Lin0wFK2AKA?feature=share --max-filesize 8M --format mp4 --output /Users/glip/Documents/djs-base-handlerTS/src/func/../../videos/%(title)s-%(uploader)s-929198.%(ext)s --no-no-overwrites',
  command: '/Users/glip/Documents/djs-base-handlerTS/node_modules/youtube-dl-exec/bin/youtube-dl https://youtube.com/watch?v=Lin0wFK2AKA?feature=share --referer https://youtube.com/watch?v=Lin0wFK2AKA?feature=share --max-filesize 8M --format mp4 --output /Users/glip/Documents/djs-base-handlerTS/src/func/../../videos/%(title)s-%(uploader)s-929198.%(ext)s --no-no-overwrites',
  escapedCommand: '"/Users/glip/Documents/djs-base-handlerTS/node_modules/youtube-dl-exec/bin/youtube-dl" "https://youtube.com/watch?v=Lin0wFK2AKA?feature=share" --referer "https://youtube.com/watch?v=Lin0wFK2AKA?feature=share" --max-filesize 8M --format mp4 --output "/Users/glip/Documents/djs-base-handlerTS/src/func/../../videos/%(title)s-%(uploader)s-929198.%(ext)s" --no-no-overwrites',
  exitCode: 2,
  signal: undefined,
  signalDescription: undefined,
  stdout: '',
  stderr: 'Usage: youtube-dl [OPTIONS] URL [URL...]\n' +
    '\n' +
    'youtube-dl: error: no such option: --no-no-overwrites',
  failed: true,
  timedOut: false,
  isCanceled: false,
  killed: false
}
[2022-05-28T20:34:58.648] [DEBUG] messageCreate - urlType: youtubeShorts
[2022-05-28T20:34:58.782] [DEBUG] messageCreate - ignoring, bot message
[2022-05-28T20:34:58.842] [DEBUG] messageCreate - getting video
[2022-05-28T20:35:00.579] [ERROR] messageCreate - Error: Command failed with exit code 2: /Users/glip/Documents/djs-base-handlerTS/node_modules/youtube-dl-exec/bin/youtube-dl https://youtube.com/watch?v=Lin0wFK2AKA?feature=share --referer https://youtube.com/watch?v=Lin0wFK2AKA?feature=share --max-filesize 8M --format mp4 --output /Users/glip/Documents/djs-base-handlerTS/src/func/../../videos/%(title)s-%(uploader)s-498528.%(ext)s --no-no-overwrites
Usage: youtube-dl [OPTIONS] URL [URL...]

youtube-dl: error: no such option: --no-no-overwrites
    at makeError (/Users/glip/Documents/djs-base-handlerTS/node_modules/execa/lib/error.js:60:11)
    at handlePromise (/Users/glip/Documents/djs-base-handlerTS/node_modules/execa/index.js:118:26)
    at processTicksAndRejections (node:internal/process/task_queues:96:5) {
  shortMessage: 'Command failed with exit code 2: /Users/glip/Documents/djs-base-handlerTS/node_modules/youtube-dl-exec/bin/youtube-dl https://youtube.com/watch?v=Lin0wFK2AKA?feature=share --referer https://youtube.com/watch?v=Lin0wFK2AKA?feature=share --max-filesize 8M --format mp4 --output /Users/glip/Documents/djs-base-handlerTS/src/func/../../videos/%(title)s-%(uploader)s-498528.%(ext)s --no-no-overwrites',
  command: '/Users/glip/Documents/djs-base-handlerTS/node_modules/youtube-dl-exec/bin/youtube-dl https://youtube.com/watch?v=Lin0wFK2AKA?feature=share --referer https://youtube.com/watch?v=Lin0wFK2AKA?feature=share --max-filesize 8M --format mp4 --output /Users/glip/Documents/djs-base-handlerTS/src/func/../../videos/%(title)s-%(uploader)s-498528.%(ext)s --no-no-overwrites',
  escapedCommand: '"/Users/glip/Documents/djs-base-handlerTS/node_modules/youtube-dl-exec/bin/youtube-dl" "https://youtube.com/watch?v=Lin0wFK2AKA?feature=share" --referer "https://youtube.com/watch?v=Lin0wFK2AKA?feature=share" --max-filesize 8M --format mp4 --output "/Users/glip/Documents/djs-base-handlerTS/src/func/../../videos/%(title)s-%(uploader)s-498528.%(ext)s" --no-no-overwrites',
  exitCode: 2,
  signal: undefined,
  signalDescription: undefined,
  stdout: '',
  stderr: 'Usage: youtube-dl [OPTIONS] URL [URL...]\n' +
    '\n' +
    'youtube-dl: error: no such option: --no-no-overwrites',
  failed: true,
  timedOut: false,
  isCanceled: false,
  killed: false
}
[2022-05-28T20:36:09.386] [DEBUG] messageCreate - urlType: youtubeShorts
[2022-05-28T20:36:09.570] [DEBUG] messageCreate - ignoring, bot message
[2022-05-28T20:36:09.662] [DEBUG] messageCreate - getting video
[2022-05-28T20:36:11.397] [ERROR] messageCreate - Error: Command failed with exit code 2: /Users/glip/Documents/djs-base-handlerTS/node_modules/youtube-dl-exec/bin/youtube-dl https://youtube.com/watch?v=Lin0wFK2AKA?feature=share --referer https://youtube.com/watch?v=Lin0wFK2AKA?feature=share --max-filesize 8M --format mp4 --output /Users/glip/Documents/djs-base-handlerTS/src/func/../../videos/%(title)s-%(uploader)s-421988.%(ext)s --no-no-overwrites
Usage: youtube-dl [OPTIONS] URL [URL...]

youtube-dl: error: no such option: --no-no-overwrites
    at makeError (/Users/glip/Documents/djs-base-handlerTS/node_modules/execa/lib/error.js:60:11)
    at handlePromise (/Users/glip/Documents/djs-base-handlerTS/node_modules/execa/index.js:118:26)
    at processTicksAndRejections (node:internal/process/task_queues:96:5) {
  shortMessage: 'Command failed with exit code 2: /Users/glip/Documents/djs-base-handlerTS/node_modules/youtube-dl-exec/bin/youtube-dl https://youtube.com/watch?v=Lin0wFK2AKA?feature=share --referer https://youtube.com/watch?v=Lin0wFK2AKA?feature=share --max-filesize 8M --format mp4 --output /Users/glip/Documents/djs-base-handlerTS/src/func/../../videos/%(title)s-%(uploader)s-421988.%(ext)s --no-no-overwrites',
  command: '/Users/glip/Documents/djs-base-handlerTS/node_modules/youtube-dl-exec/bin/youtube-dl https://youtube.com/watch?v=Lin0wFK2AKA?feature=share --referer https://youtube.com/watch?v=Lin0wFK2AKA?feature=share --max-filesize 8M --format mp4 --output /Users/glip/Documents/djs-base-handlerTS/src/func/../../videos/%(title)s-%(uploader)s-421988.%(ext)s --no-no-overwrites',
  escapedCommand: '"/Users/glip/Documents/djs-base-handlerTS/node_modules/youtube-dl-exec/bin/youtube-dl" "https://youtube.com/watch?v=Lin0wFK2AKA?feature=share" --referer "https://youtube.com/watch?v=Lin0wFK2AKA?feature=share" --max-filesize 8M --format mp4 --output "/Users/glip/Documents/djs-base-handlerTS/src/func/../../videos/%(title)s-%(uploader)s-421988.%(ext)s" --no-no-overwrites',
  exitCode: 2,
  signal: undefined,
  signalDescription: undefined,
  stdout: '',
  stderr: 'Usage: youtube-dl [OPTIONS] URL [URL...]\n' +
    '\n' +
    'youtube-dl: error: no such option: --no-no-overwrites',
  failed: true,
  timedOut: false,
  isCanceled: false,
  killed: false
}
[2022-05-28T20:37:26.546] [DEBUG] messageCreate - urlType: youtubeShorts
[2022-05-28T20:37:26.704] [DEBUG] messageCreate - ignoring, bot message
[2022-05-28T20:37:26.759] [DEBUG] messageCreate - getting video
[2022-05-28T20:37:28.499] [ERROR] messageCreate - Error: Command failed with exit code 2: /Users/glip/Documents/djs-base-handlerTS/node_modules/youtube-dl-exec/bin/youtube-dl https://youtube.com/watch?v=Lin0wFK2AKA?feature=share --referer https://youtube.com/watch?v=Lin0wFK2AKA?feature=share --max-filesize 8M --format mp4 --output /Users/glip/Documents/djs-base-handlerTS/src/func/../../videos/%(title)s-%(uploader)s-429375.%(ext)s --no-no-overwrites
Usage: youtube-dl [OPTIONS] URL [URL...]

youtube-dl: error: no such option: --no-no-overwrites
    at makeError (/Users/glip/Documents/djs-base-handlerTS/node_modules/execa/lib/error.js:60:11)
    at handlePromise (/Users/glip/Documents/djs-base-handlerTS/node_modules/execa/index.js:118:26)
    at processTicksAndRejections (node:internal/process/task_queues:96:5) {
  shortMessage: 'Command failed with exit code 2: /Users/glip/Documents/djs-base-handlerTS/node_modules/youtube-dl-exec/bin/youtube-dl https://youtube.com/watch?v=Lin0wFK2AKA?feature=share --referer https://youtube.com/watch?v=Lin0wFK2AKA?feature=share --max-filesize 8M --format mp4 --output /Users/glip/Documents/djs-base-handlerTS/src/func/../../videos/%(title)s-%(uploader)s-429375.%(ext)s --no-no-overwrites',
  command: '/Users/glip/Documents/djs-base-handlerTS/node_modules/youtube-dl-exec/bin/youtube-dl https://youtube.com/watch?v=Lin0wFK2AKA?feature=share --referer https://youtube.com/watch?v=Lin0wFK2AKA?feature=share --max-filesize 8M --format mp4 --output /Users/glip/Documents/djs-base-handlerTS/src/func/../../videos/%(title)s-%(uploader)s-429375.%(ext)s --no-no-overwrites',
  escapedCommand: '"/Users/glip/Documents/djs-base-handlerTS/node_modules/youtube-dl-exec/bin/youtube-dl" "https://youtube.com/watch?v=Lin0wFK2AKA?feature=share" --referer "https://youtube.com/watch?v=Lin0wFK2AKA?feature=share" --max-filesize 8M --format mp4 --output "/Users/glip/Documents/djs-base-handlerTS/src/func/../../videos/%(title)s-%(uploader)s-429375.%(ext)s" --no-no-overwrites',
  exitCode: 2,
  signal: undefined,
  signalDescription: undefined,
  stdout: '',
  stderr: 'Usage: youtube-dl [OPTIONS] URL [URL...]\n' +
    '\n' +
    'youtube-dl: error: no such option: --no-no-overwrites',
  failed: true,
  timedOut: false,
  isCanceled: false,
  killed: false
}
[2022-05-28T20:41:01.238] [DEBUG] messageCreate - urlType: youtubeShorts
[2022-05-28T20:41:01.391] [DEBUG] messageCreate - ignoring, bot message
[2022-05-28T20:41:01.451] [DEBUG] messageCreate - getting video
[2022-05-28T20:41:04.118] [ERROR] messageCreate - Error: Command failed with exit code 2: /Users/glip/Documents/djs-base-handlerTS/node_modules/youtube-dl-exec/bin/youtube-dl https://youtube.com/watch?v=Lin0wFK2AKA?feature=share --referer https://youtube.com/watch?v=Lin0wFK2AKA?feature=share --max-filesize 8M --format mp4 --output /Users/glip/Documents/djs-base-handlerTS/src/func/../../videos/%(title)s-%(uploader)s.%(ext)s --no-no-overwrites
Usage: youtube-dl [OPTIONS] URL [URL...]

youtube-dl: error: no such option: --no-no-overwrites
    at makeError (/Users/glip/Documents/djs-base-handlerTS/node_modules/execa/lib/error.js:60:11)
    at handlePromise (/Users/glip/Documents/djs-base-handlerTS/node_modules/execa/index.js:118:26)
    at processTicksAndRejections (node:internal/process/task_queues:96:5) {
  shortMessage: 'Command failed with exit code 2: /Users/glip/Documents/djs-base-handlerTS/node_modules/youtube-dl-exec/bin/youtube-dl https://youtube.com/watch?v=Lin0wFK2AKA?feature=share --referer https://youtube.com/watch?v=Lin0wFK2AKA?feature=share --max-filesize 8M --format mp4 --output /Users/glip/Documents/djs-base-handlerTS/src/func/../../videos/%(title)s-%(uploader)s.%(ext)s --no-no-overwrites',
  command: '/Users/glip/Documents/djs-base-handlerTS/node_modules/youtube-dl-exec/bin/youtube-dl https://youtube.com/watch?v=Lin0wFK2AKA?feature=share --referer https://youtube.com/watch?v=Lin0wFK2AKA?feature=share --max-filesize 8M --format mp4 --output /Users/glip/Documents/djs-base-handlerTS/src/func/../../videos/%(title)s-%(uploader)s.%(ext)s --no-no-overwrites',
  escapedCommand: '"/Users/glip/Documents/djs-base-handlerTS/node_modules/youtube-dl-exec/bin/youtube-dl" "https://youtube.com/watch?v=Lin0wFK2AKA?feature=share" --referer "https://youtube.com/watch?v=Lin0wFK2AKA?feature=share" --max-filesize 8M --format mp4 --output "/Users/glip/Documents/djs-base-handlerTS/src/func/../../videos/%(title)s-%(uploader)s.%(ext)s" --no-no-overwrites',
  exitCode: 2,
  signal: undefined,
  signalDescription: undefined,
  stdout: '',
  stderr: 'Usage: youtube-dl [OPTIONS] URL [URL...]\n' +
    '\n' +
    'youtube-dl: error: no such option: --no-no-overwrites',
  failed: true,
  timedOut: false,
  isCanceled: false,
  killed: false
}
[2022-05-28T20:42:06.540] [DEBUG] messageCreate - urlType: youtubeShorts
[2022-05-28T20:42:06.670] [DEBUG] messageCreate - ignoring, bot message
[2022-05-28T20:42:06.709] [DEBUG] messageCreate - getting video
[2022-05-28T20:45:18.940] [DEBUG] messageCreate - urlType: youtubeShorts
[2022-05-28T20:45:19.090] [DEBUG] messageCreate - ignoring, bot message
[2022-05-28T20:45:19.140] [DEBUG] messageCreate - getting video
[2022-05-28T20:47:08.165] [DEBUG] messageCreate - urlType: youtubeShorts
[2022-05-28T20:47:08.332] [DEBUG] messageCreate - ignoring, bot message
[2022-05-28T20:47:08.451] [DEBUG] messageCreate - getting video
[2022-05-28T20:48:20.230] [DEBUG] messageCreate - urlType: tiktok
[2022-05-28T20:48:20.370] [DEBUG] messageCreate - ignoring, bot message
[2022-05-28T20:48:20.405] [DEBUG] messageCreate - ignoring, bot message
[2022-05-28T20:48:20.559] [DEBUG] messageCreate - getting video
[2022-05-28T20:49:18.229] [ERROR] messageCreate - Error: Command failed with exit code 1: /Users/glip/Documents/djs-base-handlerTS/node_modules/youtube-dl-exec/bin/youtube-dl https://www.tiktok.com/t/ZTdWvWqKQ/?k=1 --referer https://www.tiktok.com/t/ZTdWvWqKQ/?k=1 --max-filesize 8M --format mp4 --output /Users/glip/Documents/djs-base-handlerTS/src/func/../../videos/%(title)s-%(uploader)s-886680.%(ext)s
WARNING: Could not send HEAD request to https://www.tiktok.com/t/ZTdWvWqKQ/?k=1: [Errno 60] Operation timed out
ERROR: Unable to download webpage: [Errno 60] Operation timed out (caused by error(60, 'Operation timed out')); please report this issue on https://yt-dl.org/bug . Make sure you are using the latest version; type  youtube-dl -U  to update. Be sure to call youtube-dl with the --verbose flag and include its complete output.
[generic] ?k=1: Requesting header
[generic] ?k=1: Downloading webpage
    at makeError (/Users/glip/Documents/djs-base-handlerTS/node_modules/execa/lib/error.js:60:11)
    at handlePromise (/Users/glip/Documents/djs-base-handlerTS/node_modules/execa/index.js:118:26)
    at processTicksAndRejections (node:internal/process/task_queues:96:5) {
  shortMessage: 'Command failed with exit code 1: /Users/glip/Documents/djs-base-handlerTS/node_modules/youtube-dl-exec/bin/youtube-dl https://www.tiktok.com/t/ZTdWvWqKQ/?k=1 --referer https://www.tiktok.com/t/ZTdWvWqKQ/?k=1 --max-filesize 8M --format mp4 --output /Users/glip/Documents/djs-base-handlerTS/src/func/../../videos/%(title)s-%(uploader)s-886680.%(ext)s',
  command: '/Users/glip/Documents/djs-base-handlerTS/node_modules/youtube-dl-exec/bin/youtube-dl https://www.tiktok.com/t/ZTdWvWqKQ/?k=1 --referer https://www.tiktok.com/t/ZTdWvWqKQ/?k=1 --max-filesize 8M --format mp4 --output /Users/glip/Documents/djs-base-handlerTS/src/func/../../videos/%(title)s-%(uploader)s-886680.%(ext)s',
  escapedCommand: '"/Users/glip/Documents/djs-base-handlerTS/node_modules/youtube-dl-exec/bin/youtube-dl" "https://www.tiktok.com/t/ZTdWvWqKQ/?k=1" --referer "https://www.tiktok.com/t/ZTdWvWqKQ/?k=1" --max-filesize 8M --format mp4 --output "/Users/glip/Documents/djs-base-handlerTS/src/func/../../videos/%(title)s-%(uploader)s-886680.%(ext)s"',
  exitCode: 1,
  signal: undefined,
  signalDescription: undefined,
  stdout: '[generic] ?k=1: Requesting header\n[generic] ?k=1: Downloading webpage',
  stderr: 'WARNING: Could not send HEAD request to https://www.tiktok.com/t/ZTdWvWqKQ/?k=1: [Errno 60] Operation timed out\n' +
    "ERROR: Unable to download webpage: [Errno 60] Operation timed out (caused by error(60, 'Operation timed out')); please report this issue on https://yt-dl.org/bug . Make sure you are using the latest version; type  youtube-dl -U  to update. Be sure to call youtube-dl with the --verbose flag and include its complete output.",
  failed: true,
  timedOut: false,
  isCanceled: false,
  killed: false
}
[2022-05-28T20:58:54.499] [DEBUG] messageCreate - urlType: youtubeShorts
[2022-05-28T20:58:54.713] [DEBUG] messageCreate - ignoring, bot message
[2022-05-28T20:58:54.804] [DEBUG] messageCreate - getting video
[2022-05-28T21:04:32.044] [DEBUG] messageCreate - urlType: youtubeShorts
[2022-05-28T21:04:32.224] [DEBUG] messageCreate - ignoring, bot message
[2022-05-28T21:04:32.291] [DEBUG] messageCreate - getting video
[2022-05-28T21:04:36.221] [ERROR] messageCreate - Error: Command failed with exit code 1: /Users/glip/Documents/djs-base-handlerTS/node_modules/yt-dlp-exec/bin/yt-dlp https://youtube.com/watch?v=Lin0wFK2AKA?feature=share --referer https://youtube.com/watch?v=Lin0wFK2AKA?feature=share --max-filesize 8M --format mp4 --output /Users/glip/Documents/djs-base-handlerTS/src/func/../../videos/%(title)s-%(uploader)s-202717.%(ext)s


ERROR: Did not get any data blocks
[youtube] Lin0wFK2AKA: Downloading webpage
[youtube] Lin0wFK2AKA: Downloading android player API JSON
[info] Lin0wFK2AKA: Downloading 1 format(s): 22

    at makeError (/Users/glip/Documents/djs-base-handlerTS/node_modules/execa/lib/error.js:60:11)
    at handlePromise (/Users/glip/Documents/djs-base-handlerTS/node_modules/execa/index.js:118:26)
    at processTicksAndRejections (node:internal/process/task_queues:96:5) {
  shortMessage: 'Command failed with exit code 1: /Users/glip/Documents/djs-base-handlerTS/node_modules/yt-dlp-exec/bin/yt-dlp https://youtube.com/watch?v=Lin0wFK2AKA?feature=share --referer https://youtube.com/watch?v=Lin0wFK2AKA?feature=share --max-filesize 8M --format mp4 --output /Users/glip/Documents/djs-base-handlerTS/src/func/../../videos/%(title)s-%(uploader)s-202717.%(ext)s',
  command: '/Users/glip/Documents/djs-base-handlerTS/node_modules/yt-dlp-exec/bin/yt-dlp https://youtube.com/watch?v=Lin0wFK2AKA?feature=share --referer https://youtube.com/watch?v=Lin0wFK2AKA?feature=share --max-filesize 8M --format mp4 --output /Users/glip/Documents/djs-base-handlerTS/src/func/../../videos/%(title)s-%(uploader)s-202717.%(ext)s',
  escapedCommand: '"/Users/glip/Documents/djs-base-handlerTS/node_modules/yt-dlp-exec/bin/yt-dlp" "https://youtube.com/watch?v=Lin0wFK2AKA?feature=share" --referer "https://youtube.com/watch?v=Lin0wFK2AKA?feature=share" --max-filesize 8M --format mp4 --output "/Users/glip/Documents/djs-base-handlerTS/src/func/../../videos/%(title)s-%(uploader)s-202717.%(ext)s"',
  exitCode: 1,
  signal: undefined,
  signalDescription: undefined,
  stdout: '[youtube] Lin0wFK2AKA: Downloading webpage\n' +
    '[youtube] Lin0wFK2AKA: Downloading android player API JSON\n' +
    '[info] Lin0wFK2AKA: Downloading 1 format(s): 22\n',
  stderr: '\n\nERROR: Did not get any data blocks',
  failed: true,
  timedOut: false,
  isCanceled: false,
  killed: false
}
[2022-05-28T21:05:33.344] [DEBUG] messageCreate - urlType: youtubeShorts
[2022-05-28T21:05:33.516] [DEBUG] messageCreate - ignoring, bot message
[2022-05-28T21:05:33.582] [DEBUG] messageCreate - getting video
[2022-05-28T21:07:26.411] [DEBUG] messageCreate - urlType: youtubeShorts
[2022-05-28T21:07:26.584] [DEBUG] messageCreate - ignoring, bot message
[2022-05-28T21:07:26.743] [DEBUG] messageCreate - getting video
[2022-05-28T21:08:08.199] [DEBUG] messageCreate - urlType: youtubeShorts
[2022-05-28T21:08:08.427] [DEBUG] messageCreate - ignoring, bot message
[2022-05-28T21:08:08.524] [DEBUG] messageCreate - getting video
[2022-05-28T21:10:25.438] [DEBUG] messageCreate - urlType: youtubeShorts
[2022-05-28T21:10:25.708] [DEBUG] messageCreate - ignoring, bot message
[2022-05-28T21:10:25.771] [DEBUG] messageCreate - getting video
[2022-05-28T21:12:01.764] [DEBUG] messageCreate - urlType: youtubeShorts
[2022-05-28T21:12:01.930] [DEBUG] messageCreate - ignoring, bot message
[2022-05-28T21:12:02.009] [DEBUG] messageCreate - getting video
[2022-05-28T21:13:11.359] [DEBUG] messageCreate - urlType: youtubeShorts
[2022-05-28T21:13:11.621] [DEBUG] messageCreate - ignoring, bot message
[2022-05-28T21:13:11.741] [DEBUG] messageCreate - getting video
[2022-05-28T21:13:50.073] [DEBUG] messageCreate - urlType: tiktok
[2022-05-28T21:13:50.197] [DEBUG] messageCreate - ignoring, bot message
[2022-05-28T21:13:50.245] [DEBUG] messageCreate - ignoring, bot message
[2022-05-28T21:13:50.255] [DEBUG] messageCreate - getting video
[2022-05-28T21:14:15.862] [ERROR] messageCreate - Error: Command failed with exit code 1: /Users/glip/Documents/djs-base-handlerTS/node_modules/yt-dlp-exec/bin/yt-dlp https://www.tiktok.com/t/ZTdWvWqKQ/?k=1 --referer https://www.tiktok.com/t/ZTdWvWqKQ/?k=1 --max-filesize 8M --format mp4 --output /Users/glip/Documents/djs-base-handlerTS/src/func/../../videos/%(title)s-%(uploader)s-425848.%(ext)s
WARNING: [generic] Could not send HEAD request to https://www.tiktok.com/t/ZTdWvWqKQ/?k=1: The read operation timed out
WARNING: [generic] Falling back on generic information extractor.
ERROR: Unsupported URL: https://www.tiktok.com/t/ZTdWvWqKQ/?k=1
[generic] ?k=1: Requesting header
[generic] ?k=1: Downloading webpage
[generic] ?k=1: Extracting information
    at makeError (/Users/glip/Documents/djs-base-handlerTS/node_modules/execa/lib/error.js:60:11)
    at handlePromise (/Users/glip/Documents/djs-base-handlerTS/node_modules/execa/index.js:118:26)
    at processTicksAndRejections (node:internal/process/task_queues:96:5) {
  shortMessage: 'Command failed with exit code 1: /Users/glip/Documents/djs-base-handlerTS/node_modules/yt-dlp-exec/bin/yt-dlp https://www.tiktok.com/t/ZTdWvWqKQ/?k=1 --referer https://www.tiktok.com/t/ZTdWvWqKQ/?k=1 --max-filesize 8M --format mp4 --output /Users/glip/Documents/djs-base-handlerTS/src/func/../../videos/%(title)s-%(uploader)s-425848.%(ext)s',
  command: '/Users/glip/Documents/djs-base-handlerTS/node_modules/yt-dlp-exec/bin/yt-dlp https://www.tiktok.com/t/ZTdWvWqKQ/?k=1 --referer https://www.tiktok.com/t/ZTdWvWqKQ/?k=1 --max-filesize 8M --format mp4 --output /Users/glip/Documents/djs-base-handlerTS/src/func/../../videos/%(title)s-%(uploader)s-425848.%(ext)s',
  escapedCommand: '"/Users/glip/Documents/djs-base-handlerTS/node_modules/yt-dlp-exec/bin/yt-dlp" "https://www.tiktok.com/t/ZTdWvWqKQ/?k=1" --referer "https://www.tiktok.com/t/ZTdWvWqKQ/?k=1" --max-filesize 8M --format mp4 --output "/Users/glip/Documents/djs-base-handlerTS/src/func/../../videos/%(title)s-%(uploader)s-425848.%(ext)s"',
  exitCode: 1,
  signal: undefined,
  signalDescription: undefined,
  stdout: '[generic] ?k=1: Requesting header\n' +
    '[generic] ?k=1: Downloading webpage\n' +
    '[generic] ?k=1: Extracting information',
  stderr: 'WARNING: [generic] Could not send HEAD request to https://www.tiktok.com/t/ZTdWvWqKQ/?k=1: The read operation timed out\n' +
    'WARNING: [generic] Falling back on generic information extractor.\n' +
    'ERROR: Unsupported URL: https://www.tiktok.com/t/ZTdWvWqKQ/?k=1',
  failed: true,
  timedOut: false,
  isCanceled: false,
  killed: false
}
[2022-05-28T21:15:07.836] [DEBUG] messageCreate - urlType: tiktok
[2022-05-28T21:15:07.945] [DEBUG] messageCreate - ignoring, bot message
[2022-05-28T21:15:07.975] [DEBUG] messageCreate - ignoring, bot message
[2022-05-28T21:15:08.115] [DEBUG] messageCreate - getting video
[2022-05-28T21:15:33.629] [ERROR] messageCreate - Error: Command failed with exit code 1: /Users/glip/Documents/djs-base-handlerTS/node_modules/yt-dlp-exec/bin/yt-dlp https://www.tiktok.com/t/ZTdWvWqKQ/?k=1 --referer https://www.tiktok.com/t/ZTdWvWqKQ/?k=1 --max-filesize 8M --format mp4 --output /Users/glip/Documents/djs-base-handlerTS/src/func/../../videos/%(title)s-%(uploader)s-871043.%(ext)s
WARNING: [generic] Could not send HEAD request to https://www.tiktok.com/t/ZTdWvWqKQ/?k=1: The read operation timed out
WARNING: [generic] Falling back on generic information extractor.
ERROR: Unsupported URL: https://www.tiktok.com/t/ZTdWvWqKQ/?k=1
[generic] ?k=1: Requesting header
[generic] ?k=1: Downloading webpage
[generic] ?k=1: Extracting information
    at makeError (/Users/glip/Documents/djs-base-handlerTS/node_modules/execa/lib/error.js:60:11)
    at handlePromise (/Users/glip/Documents/djs-base-handlerTS/node_modules/execa/index.js:118:26)
    at processTicksAndRejections (node:internal/process/task_queues:96:5) {
  shortMessage: 'Command failed with exit code 1: /Users/glip/Documents/djs-base-handlerTS/node_modules/yt-dlp-exec/bin/yt-dlp https://www.tiktok.com/t/ZTdWvWqKQ/?k=1 --referer https://www.tiktok.com/t/ZTdWvWqKQ/?k=1 --max-filesize 8M --format mp4 --output /Users/glip/Documents/djs-base-handlerTS/src/func/../../videos/%(title)s-%(uploader)s-871043.%(ext)s',
  command: '/Users/glip/Documents/djs-base-handlerTS/node_modules/yt-dlp-exec/bin/yt-dlp https://www.tiktok.com/t/ZTdWvWqKQ/?k=1 --referer https://www.tiktok.com/t/ZTdWvWqKQ/?k=1 --max-filesize 8M --format mp4 --output /Users/glip/Documents/djs-base-handlerTS/src/func/../../videos/%(title)s-%(uploader)s-871043.%(ext)s',
  escapedCommand: '"/Users/glip/Documents/djs-base-handlerTS/node_modules/yt-dlp-exec/bin/yt-dlp" "https://www.tiktok.com/t/ZTdWvWqKQ/?k=1" --referer "https://www.tiktok.com/t/ZTdWvWqKQ/?k=1" --max-filesize 8M --format mp4 --output "/Users/glip/Documents/djs-base-handlerTS/src/func/../../videos/%(title)s-%(uploader)s-871043.%(ext)s"',
  exitCode: 1,
  signal: undefined,
  signalDescription: undefined,
  stdout: '[generic] ?k=1: Requesting header\n' +
    '[generic] ?k=1: Downloading webpage\n' +
    '[generic] ?k=1: Extracting information',
  stderr: 'WARNING: [generic] Could not send HEAD request to https://www.tiktok.com/t/ZTdWvWqKQ/?k=1: The read operation timed out\n' +
    'WARNING: [generic] Falling back on generic information extractor.\n' +
    'ERROR: Unsupported URL: https://www.tiktok.com/t/ZTdWvWqKQ/?k=1',
  failed: true,
  timedOut: false,
  isCanceled: false,
  killed: false
}
[2022-05-28T21:23:03.719] [DEBUG] messageCreate - urlType: tiktok
[2022-05-28T21:23:03.820] [DEBUG] messageCreate - ignoring, bot message
[2022-05-28T21:23:03.878] [DEBUG] messageCreate - ignoring, bot message
[2022-05-28T21:23:03.980] [DEBUG] messageCreate - getting video
[2022-05-28T21:23:30.203] [ERROR] messageCreate - Error: Command failed with exit code 1: /Users/glip/Documents/djs-base-handlerTS/node_modules/yt-dlp-exec/bin/yt-dlp https://www.tiktok.com/t/ZTdWvWqKQ/?k=1 --referer https://www.tiktok.com/t/ZTdWvWqKQ/?k=1 --max-filesize 8M --format mp4 --output /Users/glip/Documents/djs-base-handlerTS/src/func/../../videos/%(title)s-%(uploader)s-790434.%(ext)s
WARNING: [generic] Could not send HEAD request to https://www.tiktok.com/t/ZTdWvWqKQ/?k=1: The read operation timed out
WARNING: [generic] Falling back on generic information extractor.
ERROR: Unsupported URL: https://www.tiktok.com/t/ZTdWvWqKQ/?k=1
[generic] ?k=1: Requesting header
[generic] ?k=1: Downloading webpage
[generic] ?k=1: Extracting information
    at makeError (/Users/glip/Documents/djs-base-handlerTS/node_modules/execa/lib/error.js:60:11)
    at handlePromise (/Users/glip/Documents/djs-base-handlerTS/node_modules/execa/index.js:118:26)
    at processTicksAndRejections (node:internal/process/task_queues:96:5) {
  shortMessage: 'Command failed with exit code 1: /Users/glip/Documents/djs-base-handlerTS/node_modules/yt-dlp-exec/bin/yt-dlp https://www.tiktok.com/t/ZTdWvWqKQ/?k=1 --referer https://www.tiktok.com/t/ZTdWvWqKQ/?k=1 --max-filesize 8M --format mp4 --output /Users/glip/Documents/djs-base-handlerTS/src/func/../../videos/%(title)s-%(uploader)s-790434.%(ext)s',
  command: '/Users/glip/Documents/djs-base-handlerTS/node_modules/yt-dlp-exec/bin/yt-dlp https://www.tiktok.com/t/ZTdWvWqKQ/?k=1 --referer https://www.tiktok.com/t/ZTdWvWqKQ/?k=1 --max-filesize 8M --format mp4 --output /Users/glip/Documents/djs-base-handlerTS/src/func/../../videos/%(title)s-%(uploader)s-790434.%(ext)s',
  escapedCommand: '"/Users/glip/Documents/djs-base-handlerTS/node_modules/yt-dlp-exec/bin/yt-dlp" "https://www.tiktok.com/t/ZTdWvWqKQ/?k=1" --referer "https://www.tiktok.com/t/ZTdWvWqKQ/?k=1" --max-filesize 8M --format mp4 --output "/Users/glip/Documents/djs-base-handlerTS/src/func/../../videos/%(title)s-%(uploader)s-790434.%(ext)s"',
  exitCode: 1,
  signal: undefined,
  signalDescription: undefined,
  stdout: '[generic] ?k=1: Requesting header\n' +
    '[generic] ?k=1: Downloading webpage\n' +
    '[generic] ?k=1: Extracting information',
  stderr: 'WARNING: [generic] Could not send HEAD request to https://www.tiktok.com/t/ZTdWvWqKQ/?k=1: The read operation timed out\n' +
    'WARNING: [generic] Falling back on generic information extractor.\n' +
    'ERROR: Unsupported URL: https://www.tiktok.com/t/ZTdWvWqKQ/?k=1',
  failed: true,
  timedOut: false,
  isCanceled: false,
  killed: false
}
[2022-05-28T21:26:48.773] [DEBUG] messageCreate - urlType: tiktok
[2022-05-28T21:26:48.928] [DEBUG] messageCreate - ignoring, bot message
[2022-05-28T21:26:48.929] [DEBUG] messageCreate - ignoring, bot message
[2022-05-28T21:26:48.999] [DEBUG] messageCreate - getting video
[2022-05-28T21:27:15.665] [ERROR] messageCreate - Error: Command failed with exit code 1: /Users/glip/Documents/djs-base-handlerTS/node_modules/yt-dlp-exec/bin/yt-dlp https://www.tiktok.com/t/ZTdWvWqKQ/?k=1 --referer https://www.tiktok.com/t/ZTdWvWqKQ/?k=1 --max-filesize 8M --format mp4 --output /Users/glip/Documents/djs-base-handlerTS/src/func/../../videos/0x3q5.mp4.%(ext)s
WARNING: [generic] Could not send HEAD request to https://www.tiktok.com/t/ZTdWvWqKQ/?k=1: The read operation timed out
WARNING: [generic] Falling back on generic information extractor.
ERROR: Unsupported URL: https://www.tiktok.com/t/ZTdWvWqKQ/?k=1
[generic] ?k=1: Requesting header
[generic] ?k=1: Downloading webpage
[generic] ?k=1: Extracting information
    at makeError (/Users/glip/Documents/djs-base-handlerTS/node_modules/execa/lib/error.js:60:11)
    at handlePromise (/Users/glip/Documents/djs-base-handlerTS/node_modules/execa/index.js:118:26)
    at processTicksAndRejections (node:internal/process/task_queues:96:5) {
  shortMessage: 'Command failed with exit code 1: /Users/glip/Documents/djs-base-handlerTS/node_modules/yt-dlp-exec/bin/yt-dlp https://www.tiktok.com/t/ZTdWvWqKQ/?k=1 --referer https://www.tiktok.com/t/ZTdWvWqKQ/?k=1 --max-filesize 8M --format mp4 --output /Users/glip/Documents/djs-base-handlerTS/src/func/../../videos/0x3q5.mp4.%(ext)s',
  command: '/Users/glip/Documents/djs-base-handlerTS/node_modules/yt-dlp-exec/bin/yt-dlp https://www.tiktok.com/t/ZTdWvWqKQ/?k=1 --referer https://www.tiktok.com/t/ZTdWvWqKQ/?k=1 --max-filesize 8M --format mp4 --output /Users/glip/Documents/djs-base-handlerTS/src/func/../../videos/0x3q5.mp4.%(ext)s',
  escapedCommand: '"/Users/glip/Documents/djs-base-handlerTS/node_modules/yt-dlp-exec/bin/yt-dlp" "https://www.tiktok.com/t/ZTdWvWqKQ/?k=1" --referer "https://www.tiktok.com/t/ZTdWvWqKQ/?k=1" --max-filesize 8M --format mp4 --output "/Users/glip/Documents/djs-base-handlerTS/src/func/../../videos/0x3q5.mp4.%(ext)s"',
  exitCode: 1,
  signal: undefined,
  signalDescription: undefined,
  stdout: '[generic] ?k=1: Requesting header\n' +
    '[generic] ?k=1: Downloading webpage\n' +
    '[generic] ?k=1: Extracting information',
  stderr: 'WARNING: [generic] Could not send HEAD request to https://www.tiktok.com/t/ZTdWvWqKQ/?k=1: The read operation timed out\n' +
    'WARNING: [generic] Falling back on generic information extractor.\n' +
    'ERROR: Unsupported URL: https://www.tiktok.com/t/ZTdWvWqKQ/?k=1',
  failed: true,
  timedOut: false,
  isCanceled: false,
  killed: false
}
[2022-05-28T21:28:13.938] [DEBUG] messageCreate - urlType: youtubeShorts
[2022-05-28T21:28:14.074] [DEBUG] messageCreate - ignoring, bot message
[2022-05-28T21:28:14.185] [DEBUG] messageCreate - getting video
[2022-05-28T21:29:24.876] [DEBUG] messageCreate - urlType: youtubeShorts
[2022-05-28T21:29:25.059] [DEBUG] messageCreate - ignoring, bot message
[2022-05-28T21:29:25.156] [DEBUG] messageCreate - getting video
[2022-05-28T21:29:42.750] [DEBUG] messageCreate - urlType: tiktok
[2022-05-28T21:29:42.979] [DEBUG] messageCreate - ignoring, bot message
[2022-05-28T21:29:43.023] [DEBUG] messageCreate - ignoring, bot message
[2022-05-28T21:29:43.139] [DEBUG] messageCreate - getting video
[2022-05-28T21:30:09.307] [ERROR] messageCreate - Error: Command failed with exit code 1: /Users/glip/Documents/djs-base-handlerTS/node_modules/yt-dlp-exec/bin/yt-dlp https://www.tiktok.com/t/ZTdWvWqKQ/?k=1 --referer https://www.tiktok.com/t/ZTdWvWqKQ/?k=1 --max-filesize 8M --format mp4 --output /Users/glip/Documents/djs-base-handlerTS/src/func/../../videos/w8216b.%(ext)s
WARNING: [generic] Could not send HEAD request to https://www.tiktok.com/t/ZTdWvWqKQ/?k=1: The read operation timed out
WARNING: [generic] Falling back on generic information extractor.
ERROR: Unsupported URL: https://www.tiktok.com/t/ZTdWvWqKQ/?k=1
[generic] ?k=1: Requesting header
[generic] ?k=1: Downloading webpage
[generic] ?k=1: Extracting information
    at makeError (/Users/glip/Documents/djs-base-handlerTS/node_modules/execa/lib/error.js:60:11)
    at handlePromise (/Users/glip/Documents/djs-base-handlerTS/node_modules/execa/index.js:118:26)
    at processTicksAndRejections (node:internal/process/task_queues:96:5) {
  shortMessage: 'Command failed with exit code 1: /Users/glip/Documents/djs-base-handlerTS/node_modules/yt-dlp-exec/bin/yt-dlp https://www.tiktok.com/t/ZTdWvWqKQ/?k=1 --referer https://www.tiktok.com/t/ZTdWvWqKQ/?k=1 --max-filesize 8M --format mp4 --output /Users/glip/Documents/djs-base-handlerTS/src/func/../../videos/w8216b.%(ext)s',
  command: '/Users/glip/Documents/djs-base-handlerTS/node_modules/yt-dlp-exec/bin/yt-dlp https://www.tiktok.com/t/ZTdWvWqKQ/?k=1 --referer https://www.tiktok.com/t/ZTdWvWqKQ/?k=1 --max-filesize 8M --format mp4 --output /Users/glip/Documents/djs-base-handlerTS/src/func/../../videos/w8216b.%(ext)s',
  escapedCommand: '"/Users/glip/Documents/djs-base-handlerTS/node_modules/yt-dlp-exec/bin/yt-dlp" "https://www.tiktok.com/t/ZTdWvWqKQ/?k=1" --referer "https://www.tiktok.com/t/ZTdWvWqKQ/?k=1" --max-filesize 8M --format mp4 --output "/Users/glip/Documents/djs-base-handlerTS/src/func/../../videos/w8216b.%(ext)s"',
  exitCode: 1,
  signal: undefined,
  signalDescription: undefined,
  stdout: '[generic] ?k=1: Requesting header\n' +
    '[generic] ?k=1: Downloading webpage\n' +
    '[generic] ?k=1: Extracting information',
  stderr: 'WARNING: [generic] Could not send HEAD request to https://www.tiktok.com/t/ZTdWvWqKQ/?k=1: The read operation timed out\n' +
    'WARNING: [generic] Falling back on generic information extractor.\n' +
    'ERROR: Unsupported URL: https://www.tiktok.com/t/ZTdWvWqKQ/?k=1',
  failed: true,
  timedOut: false,
  isCanceled: false,
  killed: false
}
[2022-06-01T08:08:48.627] [DEBUG] messageCreate - urlType: tiktok
[2022-06-01T08:08:48.831] [DEBUG] messageCreate - ignoring, bot message
[2022-06-01T08:08:49.042] [DEBUG] messageCreate - ignoring, bot message
[2022-06-01T08:08:49.288] [DEBUG] messageCreate - getting video
[2022-06-01T08:13:08.590] [DEBUG] messageCreate - urlType: tiktok
[2022-06-01T08:13:08.785] [DEBUG] messageCreate - ignoring, bot message
[2022-06-01T08:13:08.982] [DEBUG] messageCreate - ignoring, bot message
[2022-06-01T08:13:09.275] [DEBUG] messageCreate - getting video
